2025-11-11T10:46:13.033291Z	Cloning repository...
2025-11-11T10:46:14.009281Z	From https://github.com/VyacheslavT1/Pdr-garage
2025-11-11T10:46:14.010009Z	 * branch            4e1fc15b3843e21f055ed518b1f971f63e3638e2 -> FETCH_HEAD
2025-11-11T10:46:14.010303Z	
2025-11-11T10:46:14.075569Z	HEAD is now at 4e1fc15 refactor: replace FSD layout with new modular architecture reorganize src into app/modules/shared/widgets/i18n/messages layers move feature code into domain-focused modules and page widgets update README to document the new structure
2025-11-11T10:46:14.076124Z	
2025-11-11T10:46:14.156482Z	
2025-11-11T10:46:14.157Z	Using v2 root directory strategy
2025-11-11T10:46:14.179025Z	Success: Finished cloning repository files
2025-11-11T10:46:15.92675Z	Checking for configuration in a Wrangler configuration file (BETA)
2025-11-11T10:46:15.927573Z	
2025-11-11T10:46:17.032186Z	No wrangler.toml file found. Continuing.
2025-11-11T10:46:17.0989Z	Detected the following tools from environment: npm@10.9.2, nodejs@22.16.0
2025-11-11T10:46:17.099566Z	Installing project dependencies: npm clean-install --progress=false
2025-11-11T10:46:36.52913Z	
2025-11-11T10:46:36.529542Z	added 707 packages, and audited 708 packages in 19s
2025-11-11T10:46:36.529852Z	
2025-11-11T10:46:36.530042Z	189 packages are looking for funding
2025-11-11T10:46:36.530176Z	  run `npm fund` for details
2025-11-11T10:46:36.571697Z	
2025-11-11T10:46:36.572042Z	1 moderate severity vulnerability
2025-11-11T10:46:36.572177Z	
2025-11-11T10:46:36.572282Z	To address all issues, run:
2025-11-11T10:46:36.57239Z	  npm audit fix --force
2025-11-11T10:46:36.572491Z	
2025-11-11T10:46:36.572642Z	Run `npm audit` for details.
2025-11-11T10:46:36.6065Z	Executing user command: npx @cloudflare/next-on-pages@1
2025-11-11T10:46:37.75361Z	npm warn exec The following package was not found and will be installed: @cloudflare/next-on-pages@1.13.16
2025-11-11T10:46:47.591555Z	npm warn deprecated path-match@1.2.4: This package is archived and no longer maintained. For support, visit https://github.com/expressjs/express/discussions
2025-11-11T10:46:48.944977Z	npm warn deprecated @cloudflare/next-on-pages@1.13.16: Please use the OpenNext adapter instead: https://opennext.js.org/cloudflare
2025-11-11T10:46:57.074118Z	⚡️ @cloudflare/next-on-pages CLI v.1.13.16
2025-11-11T10:46:57.255429Z	⚡️ Detected Package Manager: npm (10.9.2)
2025-11-11T10:46:57.255751Z	⚡️ Preparing project...
2025-11-11T10:46:57.258812Z	⚡️ Project is ready
2025-11-11T10:46:57.25916Z	⚡️ Building project...
2025-11-11T10:46:58.1274Z	▲  npm warn exec The following package was not found and will be installed: vercel@48.9.0
2025-11-11T10:47:02.086943Z	▲  npm warn deprecated path-match@1.2.4: This package is archived and no longer maintained. For support, visit https://github.com/expressjs/express/discussions
2025-11-11T10:47:07.653229Z	▲  Vercel CLI 48.9.0
2025-11-11T10:47:07.708672Z	▲  > NOTE: The Vercel CLI now collects telemetry regarding usage of the CLI.
2025-11-11T10:47:07.744055Z	▲  > This information is used to shape the CLI roadmap and prioritize features.
2025-11-11T10:47:07.765712Z	▲  > You can learn more, including how to opt-out if you'd not like to participate in this program, by visiting the following URL:
2025-11-11T10:47:07.804902Z	▲  > https://vercel.com/docs/cli/about-telemetry
2025-11-11T10:47:07.847714Z	▲  WARN! Build not running on Vercel. System environment variables will not be available.
2025-11-11T10:47:08.043993Z	▲  Installing dependencies...
2025-11-11T10:47:09.223295Z	▲  up to date in 1s
2025-11-11T10:47:09.223658Z	▲  189 packages are looking for funding
2025-11-11T10:47:09.223875Z	▲  run `npm fund` for details
2025-11-11T10:47:09.232946Z	▲  Detected Next.js version: 15.3.4
2025-11-11T10:47:09.238754Z	▲  Running "npm run build"
2025-11-11T10:47:09.428618Z	▲  > pdr-garage@0.1.0 build
2025-11-11T10:47:09.428866Z	▲  > next build
2025-11-11T10:47:10.190966Z	▲  Attention: Next.js now collects completely anonymous telemetry regarding usage.
2025-11-11T10:47:10.191344Z	▲  This information is used to shape Next.js' roadmap and prioritize features.
2025-11-11T10:47:10.19149Z	▲  You can learn more, including how to opt-out if you'd not like to participate in this anonymous program, by visiting the following URL:
2025-11-11T10:47:10.191617Z	▲  https://nextjs.org/telemetry
2025-11-11T10:47:10.191758Z	▲  
2025-11-11T10:47:10.296692Z	▲  ▲ Next.js 15.3.4
2025-11-11T10:47:10.297148Z	▲  
2025-11-11T10:47:10.316057Z	▲  Creating an optimized production build ...
2025-11-11T10:47:24.40489Z	▲  <w> [webpack.cache.PackFileCacheStrategy] Skipped not serializable cache item 'Compilation/modules|javascript/auto|/opt/buildhome/repo/node_modules/next/dist/build/webpack/loaders/next-flight-css-loader.js??ruleSet[1].rules[13].oneOf[5].use[0]!/opt/buildhome/repo/node_modules/next/dist/build/webpack/loaders/css-loader/src/index.js??ruleSet[1].rules[13].oneOf[5].use[1]!/opt/buildhome/repo/node_modules/next/dist/build/webpack/loaders/postcss-loader/src/index.js??ruleSet[1].rules[13].oneOf[5].use[2]!/opt/buildhome/repo/src/widgets/hero-section/HeroSection.module.css|rsc': No serializer registered for CssSyntaxError
2025-11-11T10:47:24.405675Z	▲  <w> while serializing webpack/lib/cache/PackFileCacheStrategy.PackContentItems -> webpack/lib/NormalModule -> webpack/lib/ModuleBuildError -> CssSyntaxError
2025-11-11T10:47:24.408989Z	▲  <w> [webpack.cache.PackFileCacheStrategy] Skipped not serializable cache item 'Compilation/modules|javascript/auto|/opt/buildhome/repo/node_modules/next/dist/build/webpack/loaders/next-flight-css-loader.js??ruleSet[1].rules[13].oneOf[5].use[0]!/opt/buildhome/repo/node_modules/next/dist/build/webpack/loaders/css-loader/src/index.js??ruleSet[1].rules[13].oneOf[5].use[1]!/opt/buildhome/repo/node_modules/next/dist/build/webpack/loaders/postcss-loader/src/index.js??ruleSet[1].rules[13].oneOf[5].use[2]!/opt/buildhome/repo/src/widgets/short-description/ShortDescription.module.css|rsc': No serializer registered for CssSyntaxError
2025-11-11T10:47:24.409189Z	▲  <w> while serializing webpack/lib/cache/PackFileCacheStrategy.PackContentItems -> webpack/lib/NormalModule -> webpack/lib/ModuleBuildError -> CssSyntaxError
2025-11-11T10:47:24.445155Z	▲  <w> [webpack.cache.PackFileCacheStrategy] Skipped not serializable cache item 'Compilation/modules|javascript/auto|/opt/buildhome/repo/node_modules/next/dist/build/webpack/loaders/next-flight-css-loader.js??ruleSet[1].rules[13].oneOf[5].use[0]!/opt/buildhome/repo/node_modules/next/dist/build/webpack/loaders/css-loader/src/index.js??ruleSet[1].rules[13].oneOf[5].use[1]!/opt/buildhome/repo/node_modules/next/dist/build/webpack/loaders/postcss-loader/src/index.js??ruleSet[1].rules[13].oneOf[5].use[2]!/opt/buildhome/repo/src/widgets/header/Header.module.css|ssr': No serializer registered for CssSyntaxError
2025-11-11T10:47:24.445525Z	▲  <w> while serializing webpack/lib/cache/PackFileCacheStrategy.PackContentItems -> webpack/lib/NormalModule -> webpack/lib/ModuleBuildError -> CssSyntaxError
2025-11-11T10:47:24.446104Z	▲  <w> [webpack.cache.PackFileCacheStrategy] Skipped not serializable cache item 'Compilation/modules|javascript/auto|/opt/buildhome/repo/node_modules/next/dist/build/webpack/loaders/next-flight-css-loader.js??ruleSet[1].rules[13].oneOf[5].use[0]!/opt/buildhome/repo/node_modules/next/dist/build/webpack/loaders/css-loader/src/index.js??ruleSet[1].rules[13].oneOf[5].use[1]!/opt/buildhome/repo/node_modules/next/dist/build/webpack/loaders/postcss-loader/src/index.js??ruleSet[1].rules[13].oneOf[5].use[2]!/opt/buildhome/repo/src/shared/ui/link-button/LinkButton.module.css|ssr': No serializer registered for CssSyntaxError
2025-11-11T10:47:24.446296Z	▲  <w> while serializing webpack/lib/cache/PackFileCacheStrategy.PackContentItems -> webpack/lib/NormalModule -> webpack/lib/ModuleBuildError -> CssSyntaxError
2025-11-11T10:47:24.447114Z	▲  <w> [webpack.cache.PackFileCacheStrategy] Skipped not serializable cache item 'Compilation/modules|javascript/auto|/opt/buildhome/repo/node_modules/next/dist/build/webpack/loaders/next-flight-css-loader.js??ruleSet[1].rules[13].oneOf[5].use[0]!/opt/buildhome/repo/node_modules/next/dist/build/webpack/loaders/css-loader/src/index.js??ruleSet[1].rules[13].oneOf[5].use[1]!/opt/buildhome/repo/node_modules/next/dist/build/webpack/loaders/postcss-loader/src/index.js??ruleSet[1].rules[13].oneOf[5].use[2]!/opt/buildhome/repo/src/shared/ui/scroll-to-top/ScrollToTopButton.module.css|ssr': No serializer registered for CssSyntaxError
2025-11-11T10:47:24.447529Z	▲  <w> while serializing webpack/lib/cache/PackFileCacheStrategy.PackContentItems -> webpack/lib/NormalModule -> webpack/lib/ModuleBuildError -> CssSyntaxError
2025-11-11T10:47:24.448949Z	▲  <w> [webpack.cache.PackFileCacheStrategy] Skipped not serializable cache item 'Compilation/modules|javascript/auto|/opt/buildhome/repo/node_modules/next/dist/build/webpack/loaders/next-flight-css-loader.js??ruleSet[1].rules[13].oneOf[5].use[0]!/opt/buildhome/repo/node_modules/next/dist/build/webpack/loaders/css-loader/src/index.js??ruleSet[1].rules[13].oneOf[5].use[1]!/opt/buildhome/repo/node_modules/next/dist/build/webpack/loaders/postcss-loader/src/index.js??ruleSet[1].rules[13].oneOf[5].use[2]!/opt/buildhome/repo/src/widgets/footer/Footer.module.css|ssr': No serializer registered for CssSyntaxError
2025-11-11T10:47:24.449171Z	▲  <w> while serializing webpack/lib/cache/PackFileCacheStrategy.PackContentItems -> webpack/lib/NormalModule -> webpack/lib/ModuleBuildError -> CssSyntaxError
2025-11-11T10:47:24.453119Z	▲  <w> [webpack.cache.PackFileCacheStrategy] Skipped not serializable cache item 'Compilation/modules|javascript/auto|/opt/buildhome/repo/node_modules/next/dist/build/webpack/loaders/next-flight-css-loader.js??ruleSet[1].rules[13].oneOf[7].use[0]!/opt/buildhome/repo/node_modules/next/dist/build/webpack/loaders/css-loader/src/index.js??ruleSet[1].rules[13].oneOf[7].use[1]!/opt/buildhome/repo/node_modules/next/dist/build/webpack/loaders/postcss-loader/src/index.js??ruleSet[1].rules[13].oneOf[7].use[2]!/opt/buildhome/repo/node_modules/next/dist/build/webpack/loaders/resolve-url-loader/index.js??ruleSet[1].rules[13].oneOf[7].use[3]!/opt/buildhome/repo/node_modules/next/dist/compiled/sass-loader/cjs.js??ruleSet[1].rules[13].oneOf[7].use[4]!/opt/buildhome/repo/src/app/admin/AdminLayout.module.scss|ssr': No serializer registered for CssSyntaxError
2025-11-11T10:47:24.453368Z	▲  <w> while serializing webpack/lib/cache/PackFileCacheStrategy.PackContentItems -> webpack/lib/NormalModule -> webpack/lib/ModuleBuildError -> CssSyntaxError
2025-11-11T10:47:24.454096Z	▲  <w> [webpack.cache.PackFileCacheStrategy] Skipped not serializable cache item 'Compilation/modules|javascript/auto|/opt/buildhome/repo/node_modules/next/dist/build/webpack/loaders/next-flight-css-loader.js??ruleSet[1].rules[13].oneOf[7].use[0]!/opt/buildhome/repo/node_modules/next/dist/build/webpack/loaders/css-loader/src/index.js??ruleSet[1].rules[13].oneOf[7].use[1]!/opt/buildhome/repo/node_modules/next/dist/build/webpack/loaders/postcss-loader/src/index.js??ruleSet[1].rules[13].oneOf[7].use[2]!/opt/buildhome/repo/node_modules/next/dist/build/webpack/loaders/resolve-url-loader/index.js??ruleSet[1].rules[13].oneOf[7].use[3]!/opt/buildhome/repo/node_modules/next/dist/compiled/sass-loader/cjs.js??ruleSet[1].rules[13].oneOf[7].use[4]!/opt/buildhome/repo/src/app/admin/AdminHome.module.scss|ssr': No serializer registered for CssSyntaxError
2025-11-11T10:47:24.454312Z	▲  <w> while serializing webpack/lib/cache/PackFileCacheStrategy.PackContentItems -> webpack/lib/NormalModule -> webpack/lib/ModuleBuildError -> CssSyntaxError
2025-11-11T10:47:24.454931Z	▲  <w> [webpack.cache.PackFileCacheStrategy] Skipped not serializable cache item 'Compilation/modules|javascript/auto|/opt/buildhome/repo/node_modules/next/dist/build/webpack/loaders/next-flight-css-loader.js??ruleSet[1].rules[13].oneOf[7].use[0]!/opt/buildhome/repo/node_modules/next/dist/build/webpack/loaders/css-loader/src/index.js??ruleSet[1].rules[13].oneOf[7].use[1]!/opt/buildhome/repo/node_modules/next/dist/build/webpack/loaders/postcss-loader/src/index.js??ruleSet[1].rules[13].oneOf[7].use[2]!/opt/buildhome/repo/node_modules/next/dist/build/webpack/loaders/resolve-url-loader/index.js??ruleSet[1].rules[13].oneOf[7].use[3]!/opt/buildhome/repo/node_modules/next/dist/compiled/sass-loader/cjs.js??ruleSet[1].rules[13].oneOf[7].use[4]!/opt/buildhome/repo/src/app/admin/login/AdminLogin.module.scss|ssr': No serializer registered for CssSyntaxError
2025-11-11T10:47:24.455281Z	▲  <w> while serializing webpack/lib/cache/PackFileCacheStrategy.PackContentItems -> webpack/lib/NormalModule -> webpack/lib/ModuleBuildError -> CssSyntaxError
2025-11-11T10:47:24.457253Z	▲  <w> [webpack.cache.PackFileCacheStrategy] Skipped not serializable cache item 'Compilation/modules|javascript/auto|/opt/buildhome/repo/node_modules/next/dist/build/webpack/loaders/next-flight-css-loader.js??ruleSet[1].rules[13].oneOf[5].use[0]!/opt/buildhome/repo/node_modules/next/dist/build/webpack/loaders/css-loader/src/index.js??ruleSet[1].rules[13].oneOf[5].use[1]!/opt/buildhome/repo/node_modules/next/dist/build/webpack/loaders/postcss-loader/src/index.js??ruleSet[1].rules[13].oneOf[5].use[2]!/opt/buildhome/repo/src/shared/ui/breadcrumb/Breadcrumb.module.css|ssr': No serializer registered for CssSyntaxError
2025-11-11T10:47:24.45742Z	▲  <w> while serializing webpack/lib/cache/PackFileCacheStrategy.PackContentItems -> webpack/lib/NormalModule -> webpack/lib/ModuleBuildError -> CssSyntaxError
2025-11-11T10:47:24.458185Z	▲  <w> [webpack.cache.PackFileCacheStrategy] Skipped not serializable cache item 'Compilation/modules|javascript/auto|/opt/buildhome/repo/node_modules/next/dist/build/webpack/loaders/next-flight-css-loader.js??ruleSet[1].rules[13].oneOf[5].use[0]!/opt/buildhome/repo/node_modules/next/dist/build/webpack/loaders/css-loader/src/index.js??ruleSet[1].rules[13].oneOf[5].use[1]!/opt/buildhome/repo/node_modules/next/dist/build/webpack/loaders/postcss-loader/src/index.js??ruleSet[1].rules[13].oneOf[5].use[2]!/opt/buildhome/repo/src/modules/requests/feature/manage/ui/RequestDetails/RequestDetails.module.css|ssr': No serializer registered for CssSyntaxError
2025-11-11T10:47:24.458368Z	▲  <w> while serializing webpack/lib/cache/PackFileCacheStrategy.PackContentItems -> webpack/lib/NormalModule -> webpack/lib/ModuleBuildError -> CssSyntaxError
2025-11-11T10:47:24.459084Z	▲  <w> [webpack.cache.PackFileCacheStrategy] Skipped not serializable cache item 'Compilation/modules|javascript/auto|/opt/buildhome/repo/node_modules/next/dist/build/webpack/loaders/next-flight-css-loader.js??ruleSet[1].rules[13].oneOf[7].use[0]!/opt/buildhome/repo/node_modules/next/dist/build/webpack/loaders/css-loader/src/index.js??ruleSet[1].rules[13].oneOf[7].use[1]!/opt/buildhome/repo/node_modules/next/dist/build/webpack/loaders/postcss-loader/src/index.js??ruleSet[1].rules[13].oneOf[7].use[2]!/opt/buildhome/repo/node_modules/next/dist/build/webpack/loaders/resolve-url-loader/index.js??ruleSet[1].rules[13].oneOf[7].use[3]!/opt/buildhome/repo/node_modules/next/dist/compiled/sass-loader/cjs.js??ruleSet[1].rules[13].oneOf[7].use[4]!/opt/buildhome/repo/src/modules/reviews/feature/manage/ui/ReviewsList/AdminReviews.module.scss|ssr': No serializer registered for CssSyntaxError
2025-11-11T10:47:24.459229Z	▲  <w> while serializing webpack/lib/cache/PackFileCacheStrategy.PackContentItems -> webpack/lib/NormalModule -> webpack/lib/ModuleBuildError -> CssSyntaxError
2025-11-11T10:47:24.462793Z	▲  <w> [webpack.cache.PackFileCacheStrategy] Skipped not serializable cache item 'Compilation/modules|javascript/auto|/opt/buildhome/repo/node_modules/next/dist/build/webpack/loaders/next-flight-css-loader.js??ruleSet[1].rules[13].oneOf[7].use[0]!/opt/buildhome/repo/node_modules/next/dist/build/webpack/loaders/css-loader/src/index.js??ruleSet[1].rules[13].oneOf[7].use[1]!/opt/buildhome/repo/node_modules/next/dist/build/webpack/loaders/postcss-loader/src/index.js??ruleSet[1].rules[13].oneOf[7].use[2]!/opt/buildhome/repo/node_modules/next/dist/build/webpack/loaders/resolve-url-loader/index.js??ruleSet[1].rules[13].oneOf[7].use[3]!/opt/buildhome/repo/node_modules/next/dist/compiled/sass-loader/cjs.js??ruleSet[1].rules[13].oneOf[7].use[4]!/opt/buildhome/repo/src/widgets/services-swiper/ServicesSwiper.module.scss|ssr': No serializer registered for CssSyntaxError
2025-11-11T10:47:24.462918Z	▲  <w> while serializing webpack/lib/cache/PackFileCacheStrategy.PackContentItems -> webpack/lib/NormalModule -> webpack/lib/ModuleBuildError -> CssSyntaxError
2025-11-11T10:47:24.463794Z	▲  <w> [webpack.cache.PackFileCacheStrategy] Skipped not serializable cache item 'Compilation/modules|javascript/auto|/opt/buildhome/repo/node_modules/next/dist/build/webpack/loaders/next-flight-css-loader.js??ruleSet[1].rules[13].oneOf[5].use[0]!/opt/buildhome/repo/node_modules/next/dist/build/webpack/loaders/css-loader/src/index.js??ruleSet[1].rules[13].oneOf[5].use[1]!/opt/buildhome/repo/node_modules/next/dist/build/webpack/loaders/postcss-loader/src/index.js??ruleSet[1].rules[13].oneOf[5].use[2]!/opt/buildhome/repo/src/shared/ui/common-page-template/CommonPageTemplate.module.css|ssr': No serializer registered for CssSyntaxError
2025-11-11T10:47:24.463945Z	▲  <w> while serializing webpack/lib/cache/PackFileCacheStrategy.PackContentItems -> webpack/lib/NormalModule -> webpack/lib/ModuleBuildError -> CssSyntaxError
2025-11-11T10:47:24.464729Z	▲  <w> [webpack.cache.PackFileCacheStrategy] Skipped not serializable cache item 'Compilation/modules|javascript/auto|/opt/buildhome/repo/node_modules/next/dist/build/webpack/loaders/next-flight-css-loader.js??ruleSet[1].rules[13].oneOf[7].use[0]!/opt/buildhome/repo/node_modules/next/dist/build/webpack/loaders/css-loader/src/index.js??ruleSet[1].rules[13].oneOf[7].use[1]!/opt/buildhome/repo/node_modules/next/dist/build/webpack/loaders/postcss-loader/src/index.js??ruleSet[1].rules[13].oneOf[7].use[2]!/opt/buildhome/repo/node_modules/next/dist/build/webpack/loaders/resolve-url-loader/index.js??ruleSet[1].rules[13].oneOf[7].use[3]!/opt/buildhome/repo/node_modules/next/dist/compiled/sass-loader/cjs.js??ruleSet[1].rules[13].oneOf[7].use[4]!/opt/buildhome/repo/src/modules/requests/feature/manage/ui/RequestsList/AdminRequests.module.scss|ssr': No serializer registered for CssSyntaxError
2025-11-11T10:47:24.464895Z	▲  <w> while serializing webpack/lib/cache/PackFileCacheStrategy.PackContentItems -> webpack/lib/NormalModule -> webpack/lib/ModuleBuildError -> CssSyntaxError
2025-11-11T10:47:24.466846Z	▲  <w> [webpack.cache.PackFileCacheStrategy] Skipped not serializable cache item 'Compilation/modules|javascript/auto|/opt/buildhome/repo/node_modules/next/dist/build/webpack/loaders/next-flight-css-loader.js??ruleSet[1].rules[13].oneOf[5].use[0]!/opt/buildhome/repo/node_modules/next/dist/build/webpack/loaders/css-loader/src/index.js??ruleSet[1].rules[13].oneOf[5].use[1]!/opt/buildhome/repo/node_modules/next/dist/build/webpack/loaders/postcss-loader/src/index.js??ruleSet[1].rules[13].oneOf[5].use[2]!/opt/buildhome/repo/src/widgets/services-overview/ServicesOverview.module.css|ssr': No serializer registered for CssSyntaxError
2025-11-11T10:47:24.466989Z	▲  <w> while serializing webpack/lib/cache/PackFileCacheStrategy.PackContentItems -> webpack/lib/NormalModule -> webpack/lib/ModuleBuildError -> CssSyntaxError
2025-11-11T10:47:24.467712Z	▲  <w> [webpack.cache.PackFileCacheStrategy] Skipped not serializable cache item 'Compilation/modules|javascript/auto|/opt/buildhome/repo/node_modules/next/dist/build/webpack/loaders/next-flight-css-loader.js??ruleSet[1].rules[13].oneOf[5].use[0]!/opt/buildhome/repo/node_modules/next/dist/build/webpack/loaders/css-loader/src/index.js??ruleSet[1].rules[13].oneOf[5].use[1]!/opt/buildhome/repo/node_modules/next/dist/build/webpack/loaders/postcss-loader/src/index.js??ruleSet[1].rules[13].oneOf[5].use[2]!/opt/buildhome/repo/src/widgets/blog-articles-overview/BlogArticlesOverview.module.css|ssr': No serializer registered for CssSyntaxError
2025-11-11T10:47:24.467909Z	▲  <w> while serializing webpack/lib/cache/PackFileCacheStrategy.PackContentItems -> webpack/lib/NormalModule -> webpack/lib/ModuleBuildError -> CssSyntaxError
2025-11-11T10:47:24.468606Z	▲  <w> [webpack.cache.PackFileCacheStrategy] Skipped not serializable cache item 'Compilation/modules|javascript/auto|/opt/buildhome/repo/node_modules/next/dist/build/webpack/loaders/next-flight-css-loader.js??ruleSet[1].rules[13].oneOf[7].use[0]!/opt/buildhome/repo/node_modules/next/dist/build/webpack/loaders/css-loader/src/index.js??ruleSet[1].rules[13].oneOf[7].use[1]!/opt/buildhome/repo/node_modules/next/dist/build/webpack/loaders/postcss-loader/src/index.js??ruleSet[1].rules[13].oneOf[7].use[2]!/opt/buildhome/repo/node_modules/next/dist/build/webpack/loaders/resolve-url-loader/index.js??ruleSet[1].rules[13].oneOf[7].use[3]!/opt/buildhome/repo/node_modules/next/dist/compiled/sass-loader/cjs.js??ruleSet[1].rules[13].oneOf[7].use[4]!/opt/buildhome/repo/src/modules/requests/feature/manage/ui/RequestDetails/RequestDetails.module.scss|ssr': No serializer registered for CssSyntaxError
2025-11-11T10:47:24.468802Z	▲  <w> while serializing webpack/lib/cache/PackFileCacheStrategy.PackContentItems -> webpack/lib/NormalModule -> webpack/lib/ModuleBuildError -> CssSyntaxError
2025-11-11T10:47:24.471336Z	▲  <w> [webpack.cache.PackFileCacheStrategy] Skipped not serializable cache item 'Compilation/modules|javascript/auto|/opt/buildhome/repo/node_modules/next/dist/build/webpack/loaders/next-flight-css-loader.js??ruleSet[1].rules[13].oneOf[5].use[0]!/opt/buildhome/repo/node_modules/next/dist/build/webpack/loaders/css-loader/src/index.js??ruleSet[1].rules[13].oneOf[5].use[1]!/opt/buildhome/repo/node_modules/next/dist/build/webpack/loaders/postcss-loader/src/index.js??ruleSet[1].rules[13].oneOf[5].use[2]!/opt/buildhome/repo/src/widgets/contact-section/ContactSection.module.css|ssr': No serializer registered for CssSyntaxError
2025-11-11T10:47:24.471491Z	▲  <w> while serializing webpack/lib/cache/PackFileCacheStrategy.PackContentItems -> webpack/lib/NormalModule -> webpack/lib/ModuleBuildError -> CssSyntaxError
2025-11-11T10:47:24.501816Z	▲  <w> [webpack.cache.PackFileCacheStrategy] Skipped not serializable cache item 'Compilation/modules|javascript/auto|/opt/buildhome/repo/node_modules/next/dist/build/webpack/loaders/next-flight-css-loader.js??ruleSet[1].rules[13].oneOf[7].use[0]!/opt/buildhome/repo/node_modules/next/dist/build/webpack/loaders/css-loader/src/index.js??ruleSet[1].rules[13].oneOf[7].use[1]!/opt/buildhome/repo/node_modules/next/dist/build/webpack/loaders/postcss-loader/src/index.js??ruleSet[1].rules[13].oneOf[7].use[2]!/opt/buildhome/repo/node_modules/next/dist/build/webpack/loaders/resolve-url-loader/index.js??ruleSet[1].rules[13].oneOf[7].use[3]!/opt/buildhome/repo/node_modules/next/dist/compiled/sass-loader/cjs.js??ruleSet[1].rules[13].oneOf[7].use[4]!/opt/buildhome/repo/src/shared/ui/admin-nav/AdminNav.module.scss|ssr': No serializer registered for CssSyntaxError
2025-11-11T10:47:24.5021Z	▲  <w> while serializing webpack/lib/cache/PackFileCacheStrategy.PackContentItems -> webpack/lib/NormalModule -> webpack/lib/ModuleBuildError -> CssSyntaxError
2025-11-11T10:47:24.519224Z	▲  <w> [webpack.cache.PackFileCacheStrategy] Skipped not serializable cache item 'Compilation/modules|javascript/auto|/opt/buildhome/repo/node_modules/next/dist/build/webpack/loaders/next-flight-css-loader.js??ruleSet[1].rules[13].oneOf[5].use[0]!/opt/buildhome/repo/node_modules/next/dist/build/webpack/loaders/css-loader/src/index.js??ruleSet[1].rules[13].oneOf[5].use[1]!/opt/buildhome/repo/node_modules/next/dist/build/webpack/loaders/postcss-loader/src/index.js??ruleSet[1].rules[13].oneOf[5].use[2]!/opt/buildhome/repo/src/shared/ui/button/Button.module.css|ssr': No serializer registered for CssSyntaxError
2025-11-11T10:47:24.51951Z	▲  <w> while serializing webpack/lib/cache/PackFileCacheStrategy.PackContentItems -> webpack/lib/NormalModule -> webpack/lib/ModuleBuildError -> CssSyntaxError
2025-11-11T10:47:24.524573Z	▲  <w> [webpack.cache.PackFileCacheStrategy] Skipped not serializable cache item 'Compilation/modules|javascript/auto|/opt/buildhome/repo/node_modules/next/dist/build/webpack/loaders/next-flight-css-loader.js??ruleSet[1].rules[13].oneOf[5].use[0]!/opt/buildhome/repo/node_modules/next/dist/build/webpack/loaders/css-loader/src/index.js??ruleSet[1].rules[13].oneOf[5].use[1]!/opt/buildhome/repo/node_modules/next/dist/build/webpack/loaders/postcss-loader/src/index.js??ruleSet[1].rules[13].oneOf[5].use[2]!/opt/buildhome/repo/src/shared/ui/dropdown/Dropdown.module.css|ssr': No serializer registered for CssSyntaxError
2025-11-11T10:47:24.524822Z	▲  <w> while serializing webpack/lib/cache/PackFileCacheStrategy.PackContentItems -> webpack/lib/NormalModule -> webpack/lib/ModuleBuildError -> CssSyntaxError
2025-11-11T10:47:24.525962Z	▲  <w> [webpack.cache.PackFileCacheStrategy] Skipped not serializable cache item 'Compilation/modules|javascript/auto|/opt/buildhome/repo/node_modules/next/dist/build/webpack/loaders/next-flight-css-loader.js??ruleSet[1].rules[13].oneOf[5].use[0]!/opt/buildhome/repo/node_modules/next/dist/build/webpack/loaders/css-loader/src/index.js??ruleSet[1].rules[13].oneOf[5].use[1]!/opt/buildhome/repo/node_modules/next/dist/build/webpack/loaders/postcss-loader/src/index.js??ruleSet[1].rules[13].oneOf[5].use[2]!/opt/buildhome/repo/src/shared/ui/article-card/ArticleCard.module.css|ssr': No serializer registered for CssSyntaxError
2025-11-11T10:47:24.526173Z	▲  <w> while serializing webpack/lib/cache/PackFileCacheStrategy.PackContentItems -> webpack/lib/NormalModule -> webpack/lib/ModuleBuildError -> CssSyntaxError
2025-11-11T10:47:24.548987Z	▲  <w> [webpack.cache.PackFileCacheStrategy] Skipped not serializable cache item 'Compilation/modules|javascript/auto|/opt/buildhome/repo/node_modules/next/dist/build/webpack/loaders/next-flight-css-loader.js??ruleSet[1].rules[13].oneOf[5].use[0]!/opt/buildhome/repo/node_modules/next/dist/build/webpack/loaders/css-loader/src/index.js??ruleSet[1].rules[13].oneOf[5].use[1]!/opt/buildhome/repo/node_modules/next/dist/build/webpack/loaders/postcss-loader/src/index.js??ruleSet[1].rules[13].oneOf[5].use[2]!/opt/buildhome/repo/src/modules/reviews/feature/review-create/ui/ReviewCreateForm/ReviewCreateForm.module.css|ssr': No serializer registered for CssSyntaxError
2025-11-11T10:47:24.549348Z	▲  <w> while serializing webpack/lib/cache/PackFileCacheStrategy.PackContentItems -> webpack/lib/NormalModule -> webpack/lib/ModuleBuildError -> CssSyntaxError
2025-11-11T10:47:24.615935Z	▲  <w> [webpack.cache.PackFileCacheStrategy] Skipped not serializable cache item 'Compilation/modules|javascript/auto|/opt/buildhome/repo/node_modules/next/dist/build/webpack/loaders/next-flight-css-loader.js??ruleSet[1].rules[13].oneOf[5].use[0]!/opt/buildhome/repo/node_modules/next/dist/build/webpack/loaders/css-loader/src/index.js??ruleSet[1].rules[13].oneOf[5].use[1]!/opt/buildhome/repo/node_modules/next/dist/build/webpack/loaders/postcss-loader/src/index.js??ruleSet[1].rules[13].oneOf[5].use[2]!/opt/buildhome/repo/src/shared/ui/base-card/BaseCard.module.css|ssr': No serializer registered for CssSyntaxError
2025-11-11T10:47:24.616229Z	▲  <w> while serializing webpack/lib/cache/PackFileCacheStrategy.PackContentItems -> webpack/lib/NormalModule -> webpack/lib/ModuleBuildError -> CssSyntaxError
2025-11-11T10:47:24.621159Z	▲  <w> [webpack.cache.PackFileCacheStrategy] Skipped not serializable cache item 'Compilation/modules|javascript/auto|/opt/buildhome/repo/node_modules/next/dist/build/webpack/loaders/next-flight-css-loader.js??ruleSet[1].rules[13].oneOf[5].use[0]!/opt/buildhome/repo/node_modules/next/dist/build/webpack/loaders/css-loader/src/index.js??ruleSet[1].rules[13].oneOf[5].use[1]!/opt/buildhome/repo/node_modules/next/dist/build/webpack/loaders/postcss-loader/src/index.js??ruleSet[1].rules[13].oneOf[5].use[2]!/opt/buildhome/repo/src/modules/requests/feature/estimate-request/ui/EstimateRequestForm/parts/Checkbox/Checkbox.module.css|ssr': No serializer registered for CssSyntaxError
2025-11-11T10:47:24.621376Z	▲  <w> while serializing webpack/lib/cache/PackFileCacheStrategy.PackContentItems -> webpack/lib/NormalModule -> webpack/lib/ModuleBuildError -> CssSyntaxError
2025-11-11T10:47:24.623584Z	▲  <w> [webpack.cache.PackFileCacheStrategy] Skipped not serializable cache item 'Compilation/modules|javascript/auto|/opt/buildhome/repo/node_modules/next/dist/build/webpack/loaders/next-flight-css-loader.js??ruleSet[1].rules[13].oneOf[7].use[0]!/opt/buildhome/repo/node_modules/next/dist/build/webpack/loaders/css-loader/src/index.js??ruleSet[1].rules[13].oneOf[7].use[1]!/opt/buildhome/repo/node_modules/next/dist/build/webpack/loaders/postcss-loader/src/index.js??ruleSet[1].rules[13].oneOf[7].use[2]!/opt/buildhome/repo/node_modules/next/dist/build/webpack/loaders/resolve-url-loader/index.js??ruleSet[1].rules[13].oneOf[7].use[3]!/opt/buildhome/repo/node_modules/next/dist/compiled/sass-loader/cjs.js??ruleSet[1].rules[13].oneOf[7].use[4]!/opt/buildhome/repo/src/modules/requests/feature/estimate-request/ui/EstimateRequestForm/parts/InputField/InputField.module.scss|ssr': No serializer registered for CssSyntaxError
2025-11-11T10:47:24.623973Z	▲  <w> while serializing webpack/lib/cache/PackFileCacheStrategy.PackContentItems -> webpack/lib/NormalModule -> webpack/lib/ModuleBuildError -> CssSyntaxError
2025-11-11T10:47:24.63242Z	▲  <w> [webpack.cache.PackFileCacheStrategy] Skipped not serializable cache item 'Compilation/modules|javascript/auto|/opt/buildhome/repo/node_modules/next/dist/build/webpack/loaders/next-flight-css-loader.js??ruleSet[1].rules[13].oneOf[5].use[0]!/opt/buildhome/repo/node_modules/next/dist/build/webpack/loaders/css-loader/src/index.js??ruleSet[1].rules[13].oneOf[5].use[1]!/opt/buildhome/repo/node_modules/next/dist/build/webpack/loaders/postcss-loader/src/index.js??ruleSet[1].rules[13].oneOf[5].use[2]!/opt/buildhome/repo/src/shared/ui/select/Select.module.css|ssr': No serializer registered for CssSyntaxError
2025-11-11T10:47:24.632774Z	▲  <w> while serializing webpack/lib/cache/PackFileCacheStrategy.PackContentItems -> webpack/lib/NormalModule -> webpack/lib/ModuleBuildError -> CssSyntaxError
2025-11-11T10:47:26.442594Z	▲  Failed to compile.
2025-11-11T10:47:26.443212Z	▲  ./src/modules/requests/feature/estimate-request/ui/EstimateRequestForm/parts/Checkbox/Checkbox.module.css:1:1
2025-11-11T10:47:26.443376Z	▲  Syntax error: Selector ":root" is not pure (pure selectors must contain at least one local class or id)
2025-11-11T10:47:26.44381Z	▲  
2025-11-11T10:47:26.444177Z	▲  [1m[31m>[39m[22m[90m 1 | [39m[33m:[39mroot [33m{[39m
2025-11-11T10:47:26.444328Z	▲  [90m   | [39m[1m[31m^[39m[22m
2025-11-11T10:47:26.444633Z	▲  [90m 2 | [39m  --color-main[33m:[39m [35m#00c950[39m[33m;[39m
2025-11-11T10:47:26.44511Z	▲  [90m 3 | [39m  --color-accent-dark[33m:[39m [35m#006529[39m[33m;[39m
2025-11-11T10:47:26.445256Z	▲  
2025-11-11T10:47:26.445352Z	▲  ./src/modules/requests/feature/manage/ui/RequestDetails/RequestDetails.module.css:1:1
2025-11-11T10:47:26.445444Z	▲  Syntax error: Selector ":root" is not pure (pure selectors must contain at least one local class or id)
2025-11-11T10:47:26.445533Z	▲  
2025-11-11T10:47:26.445618Z	▲  [1m[31m>[39m[22m[90m 1 | [39m[33m:[39mroot [33m{[39m
2025-11-11T10:47:26.445703Z	▲  [90m   | [39m[1m[31m^[39m[22m
2025-11-11T10:47:26.445821Z	▲  [90m 2 | [39m  --color-main[33m:[39m [35m#00c950[39m[33m;[39m
2025-11-11T10:47:26.44597Z	▲  [90m 3 | [39m  --color-accent-dark[33m:[39m [35m#006529[39m[33m;[39m
2025-11-11T10:47:26.446076Z	▲  
2025-11-11T10:47:26.446164Z	▲  ./src/modules/reviews/feature/review-create/ui/ReviewCreateForm/ReviewCreateForm.module.css:1:1
2025-11-11T10:47:26.446258Z	▲  Syntax error: Selector ":root" is not pure (pure selectors must contain at least one local class or id)
2025-11-11T10:47:26.446345Z	▲  
2025-11-11T10:47:26.446427Z	▲  [1m[31m>[39m[22m[90m 1 | [39m[33m:[39mroot [33m{[39m
2025-11-11T10:47:26.446512Z	▲  [90m   | [39m[1m[31m^[39m[22m
2025-11-11T10:47:26.446599Z	▲  [90m 2 | [39m  --color-main[33m:[39m [35m#00c950[39m[33m;[39m
2025-11-11T10:47:26.446686Z	▲  [90m 3 | [39m  --color-accent-dark[33m:[39m [35m#006529[39m[33m;[39m
2025-11-11T10:47:26.446803Z	▲  
2025-11-11T10:47:26.446897Z	▲  ./src/shared/ui/article-card/ArticleCard.module.css:1:1
2025-11-11T10:47:26.44698Z	▲  Syntax error: Selector ":root" is not pure (pure selectors must contain at least one local class or id)
2025-11-11T10:47:26.447089Z	▲  
2025-11-11T10:47:26.44718Z	▲  [1m[31m>[39m[22m[90m 1 | [39m[33m:[39mroot [33m{[39m
2025-11-11T10:47:26.447273Z	▲  [90m   | [39m[1m[31m^[39m[22m
2025-11-11T10:47:26.447359Z	▲  [90m 2 | [39m  --color-main[33m:[39m [35m#00c950[39m[33m;[39m
2025-11-11T10:47:26.447439Z	▲  [90m 3 | [39m  --color-accent-dark[33m:[39m [35m#006529[39m[33m;[39m
2025-11-11T10:47:26.447516Z	▲  
2025-11-11T10:47:26.447599Z	▲  ./src/shared/ui/base-card/BaseCard.module.css:1:1
2025-11-11T10:47:26.447685Z	▲  Syntax error: Selector ":root" is not pure (pure selectors must contain at least one local class or id)
2025-11-11T10:47:26.447763Z	▲  
2025-11-11T10:47:26.447865Z	▲  [1m[31m>[39m[22m[90m 1 | [39m[33m:[39mroot [33m{[39m
2025-11-11T10:47:26.447948Z	▲  [90m   | [39m[1m[31m^[39m[22m
2025-11-11T10:47:26.448028Z	▲  [90m 2 | [39m  --color-main[33m:[39m [35m#00c950[39m[33m;[39m
2025-11-11T10:47:26.448135Z	▲  [90m 3 | [39m  --color-accent-dark[33m:[39m [35m#006529[39m[33m;[39m
2025-11-11T10:47:26.448223Z	▲  > Build failed because of webpack errors
2025-11-11T10:47:26.543215Z	▲  Error: Command "npm run build" exited with 1
2025-11-11T10:47:26.706368Z	
2025-11-11T10:47:26.706628Z	⚡️ The Vercel build (`npx vercel build`) command failed. For more details see the Vercel logs above.
2025-11-11T10:47:26.70693Z	⚡️ If you need help solving the issue, refer to the Vercel or Next.js documentation or their repositories.
2025-11-11T10:47:26.707006Z	
2025-11-11T10:47:26.746517Z	Failed: Error while executing user command. Exited with error code: 1
2025-11-11T10:47:26.755456Z	Failed: build command exited with code: 1
2025-11-11T10:47:28.186609Z	Failed: error occurred while running build command